<?xml version="1.0" encoding="UTF-8"?>
<!-- Generated by org.testng.reporters.JUnitXMLReporter -->
<testsuite ignored="0" hostname="CESIT-LAP-0420" failures="2" tests="9" name="MyTest" time="15.952" errors="0" timestamp="2023-10-30T00:33:27 IST">
  <testcase classname="sample.sample" name="sample2" time="0.588">
    <skipped/>
  </testcase> <!-- sample2 -->
  <testcase classname="sample.sample" name="sample1" time="0.588">
    <skipped/>
  </testcase> <!-- sample1 -->
  <testcase classname="sample.sample" name="sample2" time="5.892">
    <failure type="java.lang.AssertionError" message="expected [true] but found [false]">
      <![CDATA[java.lang.AssertionError: expected [true] but found [false]
at sample.sample.sample2(sample.java:20)
at java.base/java.util.concurrent.FutureTask.run(FutureTask.java:264)
at java.base/java.util.concurrent.Executors$RunnableAdapter.call(Executors.java:539)
at java.base/java.util.concurrent.FutureTask.run(FutureTask.java:264)
at java.base/java.util.concurrent.ThreadPoolExecutor.runWorker(ThreadPoolExecutor.java:1136)
at java.base/java.util.concurrent.ThreadPoolExecutor$Worker.run(ThreadPoolExecutor.java:635)
at java.base/java.lang.Thread.run(Thread.java:833)
... Removed 13 stack frames]]>
    </failure>
  </testcase> <!-- sample2 -->
  <testcase classname="sample.sample" name="sample1" time="5.903"/>
  <testcase classname="sample.sample" name="sample1" time="7.083"/>
  <testcase classname="sample.sample" name="sample2" time="7.187">
    <failure type="java.lang.AssertionError" message="expected [true] but found [false]">
      <![CDATA[java.lang.AssertionError: expected [true] but found [false]
at sample.sample.sample2(sample.java:20)
at java.base/java.util.concurrent.FutureTask.run(FutureTask.java:264)
at java.base/java.util.concurrent.Executors$RunnableAdapter.call(Executors.java:539)
at java.base/java.util.concurrent.FutureTask.run(FutureTask.java:264)
at java.base/java.util.concurrent.ThreadPoolExecutor.runWorker(ThreadPoolExecutor.java:1136)
at java.base/java.util.concurrent.ThreadPoolExecutor$Worker.run(ThreadPoolExecutor.java:635)
at java.base/java.lang.Thread.run(Thread.java:833)
... Removed 13 stack frames]]>
    </failure>
  </testcase> <!-- sample2 -->
  <testcase classname="sample.sample" name="sample3" time="0.256">
    <skipped/>
  </testcase> <!-- sample3 -->
  <testcase classname="sample.sample" name="sample3" time="4.233"/>
  <testcase classname="sample.sample" name="sample3" time="5.214"/>
</testsuite> <!-- MyTest -->
