<?xml version="1.0" encoding="UTF-8"?>
<!-- Generated by org.testng.reporters.JUnitXMLReporter -->
<testsuite ignored="2" hostname="CESIT-LAP-0420" failures="0" tests="2" name="Default test" time="10.481" errors="0" timestamp="2023-10-29T01:07:20 IST">
  <testcase classname="sample.sample" name="sample1" time="4.569"/>
  <testcase classname="sample.sample" name="sample1" time="4.745"/>
  <testcase classname="sample.sample" name="sample3" time="0.0">
    <ignored/>
  </testcase> <!-- sample3 -->
  <testcase classname="sample.sample" name="sample2" time="0.0">
    <ignored/>
  </testcase> <!-- sample2 -->
</testsuite> <!-- Default test -->
