<?xml version="1.0" encoding="UTF-8"?>
<testng-results ignored="0" total="2" passed="2" failed="0" skipped="0">
  <reporter-output>
  </reporter-output>
  <suite started-at="2023-10-28T23:41:34 IST" name="Default suite" finished-at="2023-10-28T23:41:45 IST" duration-ms="10948">
    <groups>
    </groups>
    <test started-at="2023-10-28T23:41:34 IST" name="Default test" finished-at="2023-10-28T23:41:45 IST" duration-ms="10948">
      <class name="sample.sample">
        <test-method is-config="true" signature="beforeSuite()[pri:0, instance:sample.sample@2034b64c]" started-at="2023-10-28T23:41:34 IST" name="beforeSuite" finished-at="2023-10-28T23:41:34 IST" duration-ms="8" status="PASS">
          <reporter-output>
          </reporter-output>
        </test-method> <!-- beforeSuite -->
        <test-method is-config="true" signature="beforeTest()[pri:0, instance:sample.sample@2034b64c]" started-at="2023-10-28T23:41:35 IST" name="beforeTest" finished-at="2023-10-28T23:41:35 IST" duration-ms="0" status="PASS">
          <reporter-output>
          </reporter-output>
        </test-method> <!-- beforeTest -->
        <test-method signature="sample1(java.lang.String)[pri:0, instance:sample.sample@2034b64c]" started-at="2023-10-28T23:41:35 IST" name="sample1" data-provider="browsers" finished-at="2023-10-28T23:41:41 IST" duration-ms="5990" status="PASS">
          <params>
            <param index="0">
              <value>
                <![CDATA[Chrome]]>
              </value>
            </param>
          </params>
          <reporter-output>
          </reporter-output>
        </test-method> <!-- sample1 -->
        <test-method signature="sample1(java.lang.String)[pri:0, instance:sample.sample@2034b64c]" started-at="2023-10-28T23:41:41 IST" name="sample1" data-provider="browsers" finished-at="2023-10-28T23:41:45 IST" duration-ms="4744" status="PASS">
          <params>
            <param index="0">
              <value>
                <![CDATA[Firefox]]>
              </value>
            </param>
          </params>
          <reporter-output>
          </reporter-output>
        </test-method> <!-- sample1 -->
        <test-method is-config="true" signature="afterTest()[pri:0, instance:sample.sample@2034b64c]" started-at="2023-10-28T23:41:45 IST" name="afterTest" finished-at="2023-10-28T23:41:45 IST" duration-ms="1" status="PASS">
          <reporter-output>
          </reporter-output>
        </test-method> <!-- afterTest -->
        <test-method is-config="true" signature="afterSuite()[pri:0, instance:sample.sample@2034b64c]" started-at="2023-10-28T23:41:46 IST" name="afterSuite" finished-at="2023-10-28T23:41:46 IST" duration-ms="0" status="PASS">
          <reporter-output>
          </reporter-output>
        </test-method> <!-- afterSuite -->
      </class> <!-- sample.sample -->
    </test> <!-- Default test -->
  </suite> <!-- Default suite -->
</testng-results>
