<?xml version="1.0" encoding="UTF-8"?>
<testng-results ignored="0" total="1" passed="1" failed="0" skipped="0">
  <reporter-output>
  </reporter-output>
  <suite started-at="2023-10-30T18:56:26 IST" name="Default suite" finished-at="2023-10-30T18:56:45 IST" duration-ms="19772">
    <groups>
    </groups>
    <test started-at="2023-10-30T18:56:26 IST" name="Default test" finished-at="2023-10-30T18:56:45 IST" duration-ms="19772">
      <class name="testCases.sample">
        <test-method is-config="true" signature="beforeSuite()[pri:0, instance:testCases.sample@1349883]" started-at="2023-10-30T18:56:26 IST" name="beforeSuite" finished-at="2023-10-30T18:56:26 IST" duration-ms="8" status="PASS">
          <reporter-output>
          </reporter-output>
        </test-method> <!-- beforeSuite -->
        <test-method is-config="true" signature="beforeTest()[pri:0, instance:testCases.sample@1349883]" started-at="2023-10-30T18:56:26 IST" name="beforeTest" finished-at="2023-10-30T18:56:26 IST" duration-ms="0" status="PASS">
          <reporter-output>
          </reporter-output>
        </test-method> <!-- beforeTest -->
        <test-method is-config="true" signature="beforeClass()[pri:0, instance:testCases.sample@1349883]" started-at="2023-10-30T18:56:26 IST" name="beforeClass" finished-at="2023-10-30T18:56:26 IST" duration-ms="0" status="PASS">
          <reporter-output>
          </reporter-output>
        </test-method> <!-- beforeClass -->
        <test-method is-config="true" signature="beforeMethod(org.testng.ITestResult)[pri:0, instance:testCases.sample@1349883]" started-at="2023-10-30T18:56:26 IST" name="beforeMethod" finished-at="2023-10-30T18:56:26 IST" duration-ms="1" status="PASS">
          <params>
            <param index="0">
              <value>
                <![CDATA[[TestResult name={null} status=CREATED method=sample.sample3()[pri:0, instance:testCases.sample@1349883] output={null}]]]>
              </value>
            </param>
          </params>
          <reporter-output>
          </reporter-output>
        </test-method> <!-- beforeMethod -->
        <test-method signature="sample3()[pri:0, instance:testCases.sample@1349883]" started-at="2023-10-30T18:56:26 IST" name="sample3" finished-at="2023-10-30T18:56:45 IST" duration-ms="19300" status="PASS">
          <reporter-output>
          </reporter-output>
        </test-method> <!-- sample3 -->
        <test-method is-config="true" signature="afterMethod(org.testng.ITestResult)[pri:0, instance:testCases.sample@1349883]" started-at="2023-10-30T18:56:45 IST" name="afterMethod" finished-at="2023-10-30T18:56:45 IST" duration-ms="273" status="PASS">
          <params>
            <param index="0">
              <value>
                <![CDATA[[TestResult name=sample3 status=SUCCESS method=sample.sample3()[pri:0, instance:testCases.sample@1349883] output={null}]]]>
              </value>
            </param>
          </params>
          <reporter-output>
          </reporter-output>
        </test-method> <!-- afterMethod -->
        <test-method is-config="true" signature="afterClass()[pri:0, instance:testCases.sample@1349883]" started-at="2023-10-30T18:56:45 IST" name="afterClass" finished-at="2023-10-30T18:56:45 IST" duration-ms="1" status="PASS">
          <reporter-output>
          </reporter-output>
        </test-method> <!-- afterClass -->
        <test-method is-config="true" signature="afterTest()[pri:0, instance:testCases.sample@1349883]" started-at="2023-10-30T18:56:45 IST" name="afterTest" finished-at="2023-10-30T18:56:45 IST" duration-ms="1" status="PASS">
          <reporter-output>
          </reporter-output>
        </test-method> <!-- afterTest -->
        <test-method is-config="true" signature="afterSuite()[pri:0, instance:testCases.sample@1349883]" started-at="2023-10-30T18:56:46 IST" name="afterSuite" finished-at="2023-10-30T18:56:46 IST" duration-ms="1" status="PASS">
          <reporter-output>
          </reporter-output>
        </test-method> <!-- afterSuite -->
      </class> <!-- testCases.sample -->
    </test> <!-- Default test -->
  </suite> <!-- Default suite -->
</testng-results>
