<?xml version="1.0" encoding="UTF-8"?>
<testng-results ignored="0" total="9" passed="9" failed="0" skipped="0">
  <reporter-output>
  </reporter-output>
  <suite started-at="2023-10-29T01:52:44 IST" name="MySuite" finished-at="2023-10-29T01:53:03 IST" duration-ms="18128">
    <groups>
    </groups>
    <test started-at="2023-10-29T01:52:44 IST" name="MyTest" finished-at="2023-10-29T01:53:03 IST" duration-ms="18128">
      <class name="sample.sample">
        <test-method is-config="true" signature="beforeSuite()[pri:0, instance:sample.sample@5b218417]" started-at="2023-10-29T01:52:44 IST" name="beforeSuite" finished-at="2023-10-29T01:52:44 IST" duration-ms="8" status="PASS">
          <reporter-output>
          </reporter-output>
        </test-method> <!-- beforeSuite -->
        <test-method is-config="true" signature="beforeTest()[pri:0, instance:sample.sample@5b218417]" started-at="2023-10-29T01:52:45 IST" name="beforeTest" finished-at="2023-10-29T01:52:45 IST" duration-ms="0" status="PASS">
          <reporter-output>
          </reporter-output>
        </test-method> <!-- beforeTest -->
        <test-method is-config="true" signature="beforeClass()[pri:0, instance:sample.sample@5b218417]" started-at="2023-10-29T01:52:45 IST" name="beforeClass" finished-at="2023-10-29T01:52:45 IST" duration-ms="0" status="PASS">
          <reporter-output>
          </reporter-output>
        </test-method> <!-- beforeClass -->
        <test-method is-config="true" signature="beforeMethod()[pri:0, instance:sample.sample@5b218417]" started-at="2023-10-29T01:52:45 IST" name="beforeMethod" finished-at="2023-10-29T01:52:45 IST" duration-ms="0" status="PASS">
          <reporter-output>
          </reporter-output>
        </test-method> <!-- beforeMethod -->
        <test-method is-config="true" signature="beforeMethod()[pri:0, instance:sample.sample@5b218417]" started-at="2023-10-29T01:52:45 IST" name="beforeMethod" finished-at="2023-10-29T01:52:45 IST" duration-ms="0" status="PASS">
          <reporter-output>
          </reporter-output>
        </test-method> <!-- beforeMethod -->
        <test-method is-config="true" signature="beforeMethod()[pri:0, instance:sample.sample@5b218417]" started-at="2023-10-29T01:52:45 IST" name="beforeMethod" finished-at="2023-10-29T01:52:45 IST" duration-ms="0" status="PASS">
          <reporter-output>
          </reporter-output>
        </test-method> <!-- beforeMethod -->
        <test-method is-config="true" signature="beforeMethod()[pri:0, instance:sample.sample@5b218417]" started-at="2023-10-29T01:52:45 IST" name="beforeMethod" finished-at="2023-10-29T01:52:45 IST" duration-ms="0" status="PASS">
          <reporter-output>
          </reporter-output>
        </test-method> <!-- beforeMethod -->
        <test-method signature="sample2(java.lang.String)[pri:0, instance:sample.sample@5b218417]" started-at="2023-10-29T01:52:45 IST" name="sample2" data-provider="browsers" finished-at="2023-10-29T01:52:48 IST" duration-ms="3829" status="PASS">
          <params>
            <param index="0">
              <value>
                <![CDATA[Edge]]>
              </value>
            </param>
          </params>
          <reporter-output>
          </reporter-output>
        </test-method> <!-- sample2 -->
        <test-method signature="sample1(java.lang.String)[pri:0, instance:sample.sample@5b218417]" started-at="2023-10-29T01:52:45 IST" name="sample1" data-provider="browsers" finished-at="2023-10-29T01:52:50 IST" duration-ms="5754" status="PASS">
          <params>
            <param index="0">
              <value>
                <![CDATA[Edge]]>
              </value>
            </param>
          </params>
          <reporter-output>
          </reporter-output>
        </test-method> <!-- sample1 -->
        <test-method signature="sample2(java.lang.String)[pri:0, instance:sample.sample@5b218417]" started-at="2023-10-29T01:52:45 IST" name="sample2" data-provider="browsers" finished-at="2023-10-29T01:52:49 IST" duration-ms="4373" status="PASS">
          <params>
            <param index="0">
              <value>
                <![CDATA[Chrome]]>
              </value>
            </param>
          </params>
          <reporter-output>
          </reporter-output>
        </test-method> <!-- sample2 -->
        <test-method signature="sample1(java.lang.String)[pri:0, instance:sample.sample@5b218417]" started-at="2023-10-29T01:52:45 IST" name="sample1" data-provider="browsers" finished-at="2023-10-29T01:52:49 IST" duration-ms="4579" status="PASS">
          <params>
            <param index="0">
              <value>
                <![CDATA[Chrome]]>
              </value>
            </param>
          </params>
          <reporter-output>
          </reporter-output>
        </test-method> <!-- sample1 -->
        <test-method is-config="true" signature="afterMethod()[pri:0, instance:sample.sample@5b218417]" started-at="2023-10-29T01:52:49 IST" name="afterMethod" finished-at="2023-10-29T01:52:49 IST" duration-ms="308" status="PASS">
          <reporter-output>
          </reporter-output>
        </test-method> <!-- afterMethod -->
        <test-method signature="sample2(java.lang.String)[pri:0, instance:sample.sample@5b218417]" started-at="2023-10-29T01:52:49 IST" name="sample2" data-provider="browsers" finished-at="2023-10-29T01:52:53 IST" duration-ms="4663" status="PASS">
          <params>
            <param index="0">
              <value>
                <![CDATA[Firefox]]>
              </value>
            </param>
          </params>
          <reporter-output>
          </reporter-output>
        </test-method> <!-- sample2 -->
        <test-method is-config="true" signature="beforeMethod()[pri:0, instance:sample.sample@5b218417]" started-at="2023-10-29T01:52:49 IST" name="beforeMethod" finished-at="2023-10-29T01:52:49 IST" duration-ms="0" status="PASS">
          <reporter-output>
          </reporter-output>
        </test-method> <!-- beforeMethod -->
        <test-method is-config="true" signature="afterMethod()[pri:0, instance:sample.sample@5b218417]" started-at="2023-10-29T01:52:49 IST" name="afterMethod" finished-at="2023-10-29T01:52:49 IST" duration-ms="176" status="PASS">
          <reporter-output>
          </reporter-output>
        </test-method> <!-- afterMethod -->
        <test-method is-config="true" signature="afterMethod()[pri:0, instance:sample.sample@5b218417]" started-at="2023-10-29T01:52:49 IST" name="afterMethod" finished-at="2023-10-29T01:52:49 IST" duration-ms="170" status="PASS">
          <reporter-output>
          </reporter-output>
        </test-method> <!-- afterMethod -->
        <test-method signature="sample1(java.lang.String)[pri:0, instance:sample.sample@5b218417]" started-at="2023-10-29T01:52:49 IST" name="sample1" data-provider="browsers" finished-at="2023-10-29T01:52:54 IST" duration-ms="4670" status="PASS">
          <params>
            <param index="0">
              <value>
                <![CDATA[Firefox]]>
              </value>
            </param>
          </params>
          <reporter-output>
          </reporter-output>
        </test-method> <!-- sample1 -->
        <test-method is-config="true" signature="beforeMethod()[pri:0, instance:sample.sample@5b218417]" started-at="2023-10-29T01:52:49 IST" name="beforeMethod" finished-at="2023-10-29T01:52:49 IST" duration-ms="0" status="PASS">
          <reporter-output>
          </reporter-output>
        </test-method> <!-- beforeMethod -->
        <test-method is-config="true" signature="afterMethod()[pri:0, instance:sample.sample@5b218417]" started-at="2023-10-29T01:52:50 IST" name="afterMethod" finished-at="2023-10-29T01:52:51 IST" duration-ms="326" status="PASS">
          <reporter-output>
          </reporter-output>
        </test-method> <!-- afterMethod -->
        <test-method is-config="true" signature="afterMethod()[pri:0, instance:sample.sample@5b218417]" started-at="2023-10-29T01:52:53 IST" name="afterMethod" finished-at="2023-10-29T01:52:54 IST" duration-ms="806" status="PASS">
          <reporter-output>
          </reporter-output>
        </test-method> <!-- afterMethod -->
        <test-method is-config="true" signature="afterMethod()[pri:0, instance:sample.sample@5b218417]" started-at="2023-10-29T01:52:54 IST" name="afterMethod" finished-at="2023-10-29T01:52:55 IST" duration-ms="770" status="PASS">
          <reporter-output>
          </reporter-output>
        </test-method> <!-- afterMethod -->
        <test-method signature="sample3(java.lang.String)[pri:0, instance:sample.sample@5b218417]" started-at="2023-10-29T01:52:54 IST" name="sample3" data-provider="browsers" finished-at="2023-10-29T01:52:58 IST" duration-ms="3579" status="PASS">
          <params>
            <param index="0">
              <value>
                <![CDATA[Edge]]>
              </value>
            </param>
          </params>
          <reporter-output>
          </reporter-output>
        </test-method> <!-- sample3 -->
        <test-method signature="sample3(java.lang.String)[pri:0, instance:sample.sample@5b218417]" started-at="2023-10-29T01:52:54 IST" name="sample3" data-provider="browsers" finished-at="2023-10-29T01:52:58 IST" duration-ms="3579" status="PASS">
          <params>
            <param index="0">
              <value>
                <![CDATA[Chrome]]>
              </value>
            </param>
          </params>
          <reporter-output>
          </reporter-output>
        </test-method> <!-- sample3 -->
        <test-method is-config="true" signature="beforeMethod()[pri:0, instance:sample.sample@5b218417]" started-at="2023-10-29T01:52:54 IST" name="beforeMethod" finished-at="2023-10-29T01:52:54 IST" duration-ms="0" status="PASS">
          <reporter-output>
          </reporter-output>
        </test-method> <!-- beforeMethod -->
        <test-method is-config="true" signature="beforeMethod()[pri:0, instance:sample.sample@5b218417]" started-at="2023-10-29T01:52:54 IST" name="beforeMethod" finished-at="2023-10-29T01:52:54 IST" duration-ms="0" status="PASS">
          <reporter-output>
          </reporter-output>
        </test-method> <!-- beforeMethod -->
        <test-method is-config="true" signature="afterMethod()[pri:0, instance:sample.sample@5b218417]" started-at="2023-10-29T01:52:58 IST" name="afterMethod" finished-at="2023-10-29T01:52:58 IST" duration-ms="174" status="PASS">
          <reporter-output>
          </reporter-output>
        </test-method> <!-- afterMethod -->
        <test-method is-config="true" signature="afterMethod()[pri:0, instance:sample.sample@5b218417]" started-at="2023-10-29T01:52:58 IST" name="afterMethod" finished-at="2023-10-29T01:52:58 IST" duration-ms="194" status="PASS">
          <reporter-output>
          </reporter-output>
        </test-method> <!-- afterMethod -->
        <test-method signature="sample3(java.lang.String)[pri:0, instance:sample.sample@5b218417]" started-at="2023-10-29T01:52:58 IST" name="sample3" data-provider="browsers" finished-at="2023-10-29T01:53:02 IST" duration-ms="3832" status="PASS">
          <params>
            <param index="0">
              <value>
                <![CDATA[Firefox]]>
              </value>
            </param>
          </params>
          <reporter-output>
          </reporter-output>
        </test-method> <!-- sample3 -->
        <test-method is-config="true" signature="beforeMethod()[pri:0, instance:sample.sample@5b218417]" started-at="2023-10-29T01:52:58 IST" name="beforeMethod" finished-at="2023-10-29T01:52:58 IST" duration-ms="0" status="PASS">
          <reporter-output>
          </reporter-output>
        </test-method> <!-- beforeMethod -->
        <test-method is-config="true" signature="afterMethod()[pri:0, instance:sample.sample@5b218417]" started-at="2023-10-29T01:53:02 IST" name="afterMethod" finished-at="2023-10-29T01:53:03 IST" duration-ms="727" status="PASS">
          <reporter-output>
          </reporter-output>
        </test-method> <!-- afterMethod -->
        <test-method is-config="true" signature="afterTest()[pri:0, instance:sample.sample@5b218417]" started-at="2023-10-29T01:53:03 IST" name="afterTest" finished-at="2023-10-29T01:53:03 IST" duration-ms="0" status="PASS">
          <reporter-output>
          </reporter-output>
        </test-method> <!-- afterTest -->
        <test-method is-config="true" signature="afterClass()[pri:0, instance:sample.sample@5b218417]" started-at="2023-10-29T01:53:03 IST" name="afterClass" finished-at="2023-10-29T01:53:03 IST" duration-ms="0" status="PASS">
          <reporter-output>
          </reporter-output>
        </test-method> <!-- afterClass -->
        <test-method is-config="true" signature="afterSuite()[pri:0, instance:sample.sample@5b218417]" started-at="2023-10-29T01:53:03 IST" name="afterSuite" finished-at="2023-10-29T01:53:03 IST" duration-ms="1" status="PASS">
          <reporter-output>
          </reporter-output>
        </test-method> <!-- afterSuite -->
      </class> <!-- sample.sample -->
    </test> <!-- MyTest -->
  </suite> <!-- MySuite -->
</testng-results>
